<?xml version="1.0" encoding="UTF-8" ?>
<testsuite tests="1" failures="1" name="day11.Test_XML_Response" time="0.94" errors="0" skipped="0">
  <properties>
[...]
</properties>
  <testcase classname="day11.Test_XML_Response" name="day11.Test_XML_Response.testXML" time="0.94">
    <failure message="1 expectation failed.
XML path List.item[0].name doesn&apos;t match.
Expected: is &quot;Akbar&quot;
  Actual: Adam Jones
" type="java.lang.AssertionError">java.lang.AssertionError: 1 expectation failed.
XML path List.item[0].name doesn&apos;t match.
Expected: is &quot;Akbar&quot;
  Actual: Adam Jones
	at sun.reflect.NativeConstructorAccessorImpl.newInstance0(Native Method)
	at sun.reflect.NativeConstructorAccessorImpl.newInstance(NativeConstructorAccessorImpl.java:62)
	at sun.reflect.DelegatingConstructorAccessorImpl.newInstance(DelegatingConstructorAccessorImpl.java:45)
	at java.lang.reflect.Constructor.newInstance(Constructor.java:423)
	at org.codehaus.groovy.reflection.CachedConstructor.invoke(CachedConstructor.java:72)
	at org.codehaus.groovy.reflection.CachedConstructor.doConstructorInvoke(CachedConstructor.java:59)
	at org.codehaus.groovy.runtime.callsite.ConstructorSite$ConstructorSiteNoUnwrap.callConstructor(ConstructorSite.java:84)
	at org.codehaus.groovy.runtime.callsite.AbstractCallSite.callConstructor(AbstractCallSite.java:277)
	at io.restassured.internal.ResponseSpecificationImpl$HamcrestAssertionClosure.validate(ResponseSpecificationImpl.groovy:493)
	at io.restassured.internal.ResponseSpecificationImpl$HamcrestAssertionClosure$validate$1.call(Unknown Source)
	at io.restassured.internal.ResponseSpecificationImpl.validateResponseIfRequired(ResponseSpecificationImpl.groovy:674)
	at sun.reflect.GeneratedMethodAccessor123.invoke(Unknown Source)
	at sun.reflect.DelegatingMethodAccessorImpl.invoke(DelegatingMethodAccessorImpl.java:43)
	at java.lang.reflect.Method.invoke(Method.java:498)
	at org.codehaus.groovy.runtime.callsite.PlainObjectMetaMethodSite.doInvoke(PlainObjectMetaMethodSite.java:43)
	at org.codehaus.groovy.runtime.callsite.PogoMetaMethodSite$PogoCachedMethodSiteNoUnwrapNoCoerce.invoke(PogoMetaMethodSite.java:193)
	at org.codehaus.groovy.runtime.callsite.PogoMetaMethodSite.callCurrent(PogoMetaMethodSite.java:61)
	at org.codehaus.groovy.runtime.callsite.AbstractCallSite.callCurrent(AbstractCallSite.java:185)
	at io.restassured.internal.ResponseSpecificationImpl.body(ResponseSpecificationImpl.groovy:261)
	at io.restassured.specification.ResponseSpecification$body$0.callCurrent(Unknown Source)
	at io.restassured.internal.ResponseSpecificationImpl.body(ResponseSpecificationImpl.groovy:108)
	at io.restassured.internal.ValidatableResponseOptionsImpl.body(ValidatableResponseOptionsImpl.java:244)
	at io.restassured.internal.ValidatableResponseImpl.super$2$body(ValidatableResponseImpl.groovy)
	at sun.reflect.NativeMethodAccessorImpl.invoke0(Native Method)
	at sun.reflect.NativeMethodAccessorImpl.invoke(NativeMethodAccessorImpl.java:62)
	at sun.reflect.DelegatingMethodAccessorImpl.invoke(DelegatingMethodAccessorImpl.java:43)
	at java.lang.reflect.Method.invoke(Method.java:498)
	at org.codehaus.groovy.reflection.CachedMethod.invoke(CachedMethod.java:107)
	at groovy.lang.MetaMethod.doMethodInvoke(MetaMethod.java:323)
	at groovy.lang.MetaClassImpl.invokeMethod(MetaClassImpl.java:1267)
	at org.codehaus.groovy.runtime.ScriptBytecodeAdapter.invokeMethodOnSuperN(ScriptBytecodeAdapter.java:144)
	at io.restassured.internal.ValidatableResponseImpl.body(ValidatableResponseImpl.groovy:298)
	at io.restassured.internal.ValidatableResponseImpl.body(ValidatableResponseImpl.groovy)
	at day11.Test_XML_Response.testXML(Test_XML_Response.java:29)
</failure>
    <system-out>Request method:	GET
Request URI:	http://54.158.11.99:8000/api/spartans
Proxy:			&lt;none&gt;
Request params:	&lt;none&gt;
Query params:	&lt;none&gt;
Form params:	&lt;none&gt;
Path params:	&lt;none&gt;
Headers:		Accept=application/xml, text/xml, application/xhtml+xml
Cookies:		&lt;none&gt;
Multiparts:		&lt;none&gt;
Body:			&lt;none&gt;
HTTP/1.1 200 
X-Content-Type-Options: nosniff
X-XSS-Protection: 1; mode=block
Cache-Control: no-cache, no-store, max-age=0, must-revalidate
Pragma: no-cache
Expires: 0
Content-Type: application/xml;charset=UTF-8
Transfer-Encoding: chunked
Date: Thu, 24 Dec 2020 01:18:40 GMT

&lt;List&gt;
  &lt;item&gt;
    &lt;id&gt;1&lt;/id&gt;
    &lt;name&gt;Adam Jones&lt;/name&gt;
    &lt;gender&gt;Male&lt;/gender&gt;
    &lt;phone&gt;1234567890&lt;/phone&gt;
  &lt;/item&gt;
  &lt;item&gt;
    &lt;id&gt;2&lt;/id&gt;
    &lt;name&gt;Nels&lt;/name&gt;
    &lt;gender&gt;Male&lt;/gender&gt;
    &lt;phone&gt;4218971348&lt;/phone&gt;
  &lt;/item&gt;
  &lt;item&gt;
    &lt;id&gt;3&lt;/id&gt;
    &lt;name&gt;Fidole&lt;/name&gt;
    &lt;gender&gt;Male&lt;/gender&gt;
    &lt;phone&gt;6105035231&lt;/phone&gt;
  &lt;/item&gt;
  &lt;item&gt;
    &lt;id&gt;4&lt;/id&gt;
    &lt;name&gt;John ABC&lt;/name&gt;
    &lt;gender&gt;Female&lt;/gender&gt;
    &lt;phone&gt;3786741487&lt;/phone&gt;
  &lt;/item&gt;
  &lt;item&gt;
    &lt;id&gt;5&lt;/id&gt;
    &lt;name&gt;Blythe&lt;/name&gt;
    &lt;gender&gt;Female&lt;/gender&gt;
    &lt;phone&gt;3677539542&lt;/phone&gt;
  &lt;/item&gt;
  &lt;item&gt;
    &lt;id&gt;6&lt;/id&gt;
    &lt;name&gt;Tedmund&lt;/name&gt;
    &lt;gender&gt;Male&lt;/gender&gt;
    &lt;phone&gt;2227140732&lt;/phone&gt;
  &lt;/item&gt;
  &lt;item&gt;
    &lt;id&gt;7&lt;/id&gt;
    &lt;name&gt;Hershel&lt;/name&gt;
    &lt;gender&gt;Male&lt;/gender&gt;
    &lt;phone&gt;5278678322&lt;/phone&gt;
  &lt;/item&gt;
  &lt;item&gt;
    &lt;id&gt;8&lt;/id&gt;
    &lt;name&gt;Rodolfo&lt;/name&gt;
    &lt;gender&gt;Male&lt;/gender&gt;
    &lt;phone&gt;9601637574&lt;/phone&gt;
  &lt;/item&gt;
  &lt;item&gt;
    &lt;id&gt;9&lt;/id&gt;
    &lt;name&gt;Florrie&lt;/name&gt;
    &lt;gender&gt;Female&lt;/gender&gt;
    &lt;phone&gt;1702025787&lt;/phone&gt;
  &lt;/item&gt;
  &lt;item&gt;
    &lt;id&gt;10&lt;/id&gt;
    &lt;name&gt;Lorenza&lt;/name&gt;
    &lt;gender&gt;Female&lt;/gender&gt;
    &lt;phone&gt;3312820936&lt;/phone&gt;
  &lt;/item&gt;
  &lt;item&gt;
    &lt;id&gt;11&lt;/id&gt;
    &lt;name&gt;Penguin&lt;/name&gt;
    &lt;gender&gt;Male&lt;/gender&gt;
    &lt;phone&gt;9876543535&lt;/phone&gt;
  &lt;/item&gt;
  &lt;item&gt;
    &lt;id&gt;12&lt;/id&gt;
    &lt;name&gt;Sol&lt;/name&gt;
    &lt;gender&gt;Male&lt;/gender&gt;
    &lt;phone&gt;7006438852&lt;/phone&gt;
  &lt;/item&gt;
  &lt;item&gt;
    &lt;id&gt;13&lt;/id&gt;
    &lt;name&gt;Jaimie&lt;/name&gt;
    &lt;gender&gt;Female&lt;/gender&gt;
    &lt;phone&gt;7842554879&lt;/phone&gt;
  &lt;/item&gt;
  &lt;item&gt;
    &lt;id&gt;14&lt;/id&gt;
    &lt;name&gt;Grenville&lt;/name&gt;
    &lt;gender&gt;Male&lt;/gender&gt;
    &lt;phone&gt;1065669615&lt;/phone&gt;
  &lt;/item&gt;
  &lt;item&gt;
    &lt;id&gt;15&lt;/id&gt;
    &lt;name&gt;Meta&lt;/name&gt;
    &lt;gender&gt;Female&lt;/gender&gt;
    &lt;phone&gt;1938695106&lt;/phone&gt;
  &lt;/item&gt;
  &lt;item&gt;
    &lt;id&gt;16&lt;/id&gt;
    &lt;name&gt;Sinclair&lt;/name&gt;
    &lt;gender&gt;Male&lt;/gender&gt;
    &lt;phone&gt;9714460354&lt;/phone&gt;
  &lt;/item&gt;
  &lt;item&gt;
    &lt;id&gt;17&lt;/id&gt;
    &lt;name&gt;Wash&lt;/name&gt;
    &lt;gender&gt;Male&lt;/gender&gt;
    &lt;phone&gt;4978976378&lt;/phone&gt;
  &lt;/item&gt;
  &lt;item&gt;
    &lt;id&gt;18&lt;/id&gt;
    &lt;name&gt;Allen&lt;/name&gt;
    &lt;gender&gt;Male&lt;/gender&gt;
    &lt;phone&gt;8716150217&lt;/phone&gt;
  &lt;/item&gt;
  &lt;item&gt;
    &lt;id&gt;19&lt;/id&gt;
    &lt;name&gt;Bunnie&lt;/name&gt;
    &lt;gender&gt;Female&lt;/gender&gt;
    &lt;phone&gt;7662992732&lt;/phone&gt;
  &lt;/item&gt;
  &lt;item&gt;
    &lt;id&gt;20&lt;/id&gt;
    &lt;name&gt;Lothario&lt;/name&gt;
    &lt;gender&gt;Male&lt;/gender&gt;
    &lt;phone&gt;7551551687&lt;/phone&gt;
  &lt;/item&gt;
  &lt;item&gt;
    &lt;id&gt;21&lt;/id&gt;
    &lt;name&gt;Mark&lt;/name&gt;
    &lt;gender&gt;Male&lt;/gender&gt;
    &lt;phone&gt;1852873386&lt;/phone&gt;
  &lt;/item&gt;
  &lt;item&gt;
    &lt;id&gt;22&lt;/id&gt;
    &lt;name&gt;Koenraad&lt;/name&gt;
    &lt;gender&gt;Male&lt;/gender&gt;
    &lt;phone&gt;8451740840&lt;/phone&gt;
  &lt;/item&gt;
  &lt;item&gt;
    &lt;id&gt;23&lt;/id&gt;
    &lt;name&gt;Deda&lt;/name&gt;
    &lt;gender&gt;Male&lt;/gender&gt;
    &lt;phone&gt;1456545256&lt;/phone&gt;
  &lt;/item&gt;
  &lt;item&gt;
    &lt;id&gt;24&lt;/id&gt;
    &lt;name&gt;Julio&lt;/name&gt;
    &lt;gender&gt;Male&lt;/gender&gt;
    &lt;phone&gt;9393139934&lt;/phone&gt;
  &lt;/item&gt;
  &lt;item&gt;
    &lt;id&gt;25&lt;/id&gt;
    &lt;name&gt;Valentin&lt;/name&gt;
    &lt;gender&gt;Male&lt;/gender&gt;
    &lt;phone&gt;1536037088&lt;/phone&gt;
  &lt;/item&gt;
  &lt;item&gt;
    &lt;id&gt;26&lt;/id&gt;
    &lt;name&gt;Correy&lt;/name&gt;
    &lt;gender&gt;Female&lt;/gender&gt;
    &lt;phone&gt;7823876031&lt;/phone&gt;
  &lt;/item&gt;
  &lt;item&gt;
    &lt;id&gt;27&lt;/id&gt;
    &lt;name&gt;Jeanelle&lt;/name&gt;
    &lt;gender&gt;Female&lt;/gender&gt;
    &lt;phone&gt;6662999903&lt;/phone&gt;
  &lt;/item&gt;
  &lt;item&gt;
    &lt;id&gt;28&lt;/id&gt;
    &lt;name&gt;Woodrow&lt;/name&gt;
    &lt;gender&gt;Male&lt;/gender&gt;
    &lt;phone&gt;7411659821&lt;/phone&gt;
  &lt;/item&gt;
  &lt;item&gt;
    &lt;id&gt;29&lt;/id&gt;
    &lt;name&gt;Dorelle&lt;/name&gt;
    &lt;gender&gt;Female&lt;/gender&gt;
    &lt;phone&gt;6687391932&lt;/phone&gt;
  &lt;/item&gt;
  &lt;item&gt;
    &lt;id&gt;30&lt;/id&gt;
    &lt;name&gt;Melania&lt;/name&gt;
    &lt;gender&gt;Female&lt;/gender&gt;
    &lt;phone&gt;8916944276&lt;/phone&gt;
  &lt;/item&gt;
  &lt;item&gt;
    &lt;id&gt;31&lt;/id&gt;
    &lt;name&gt;Maressa&lt;/name&gt;
    &lt;gender&gt;Female&lt;/gender&gt;
    &lt;phone&gt;2018031787&lt;/phone&gt;
  &lt;/item&gt;
  &lt;item&gt;
    &lt;id&gt;32&lt;/id&gt;
    &lt;name&gt;Tessie&lt;/name&gt;
    &lt;gender&gt;Female&lt;/gender&gt;
    &lt;phone&gt;9545879168&lt;/phone&gt;
  &lt;/item&gt;
  &lt;item&gt;
    &lt;id&gt;33&lt;/id&gt;
    &lt;name&gt;Wilek&lt;/name&gt;
    &lt;gender&gt;Male&lt;/gender&gt;
    &lt;phone&gt;2877865902&lt;/phone&gt;
  &lt;/item&gt;
  &lt;item&gt;
    &lt;id&gt;34&lt;/id&gt;
    &lt;name&gt;Tuckiye&lt;/name&gt;
    &lt;gender&gt;Female&lt;/gender&gt;
    &lt;phone&gt;2935099804&lt;/phone&gt;
  &lt;/item&gt;
  &lt;item&gt;
    &lt;id&gt;35&lt;/id&gt;
    &lt;name&gt;Gardiner&lt;/name&gt;
    &lt;gender&gt;Male&lt;/gender&gt;
    &lt;phone&gt;3751113352&lt;/phone&gt;
  &lt;/item&gt;
  &lt;item&gt;
    &lt;id&gt;36&lt;/id&gt;
    &lt;name&gt;Sylas&lt;/name&gt;
    &lt;gender&gt;Male&lt;/gender&gt;
    &lt;phone&gt;9853891474&lt;/phone&gt;
  &lt;/item&gt;
  &lt;item&gt;
    &lt;id&gt;37&lt;/id&gt;
    &lt;name&gt;Grannie&lt;/name&gt;
    &lt;gender&gt;Male&lt;/gender&gt;
    &lt;phone&gt;1075127669&lt;/phone&gt;
  &lt;/item&gt;
  &lt;item&gt;
    &lt;id&gt;38&lt;/id&gt;
    &lt;name&gt;Juan&lt;/name&gt;
    &lt;gender&gt;Male&lt;/gender&gt;
    &lt;phone&gt;9614487605&lt;/phone&gt;
  &lt;/item&gt;
  &lt;item&gt;
    &lt;id&gt;39&lt;/id&gt;
    &lt;name&gt;Eveleen&lt;/name&gt;
    &lt;gender&gt;Female&lt;/gender&gt;
    &lt;phone&gt;1362642898&lt;/phone&gt;
  &lt;/item&gt;
  &lt;item&gt;
    &lt;id&gt;40&lt;/id&gt;
    &lt;name&gt;Druci&lt;/name&gt;
    &lt;gender&gt;Female&lt;/gender&gt;
    &lt;phone&gt;4507606768&lt;/phone&gt;
  &lt;/item&gt;
  &lt;item&gt;
    &lt;id&gt;41&lt;/id&gt;
    &lt;name&gt;Rosy&lt;/name&gt;
    &lt;gender&gt;Female&lt;/gender&gt;
    &lt;phone&gt;6721964988&lt;/phone&gt;
  &lt;/item&gt;
  &lt;item&gt;
    &lt;id&gt;42&lt;/id&gt;
    &lt;name&gt;Atlante&lt;/name&gt;
    &lt;gender&gt;Female&lt;/gender&gt;
    &lt;phone&gt;4579688654&lt;/phone&gt;
  &lt;/item&gt;
  &lt;item&gt;
    &lt;id&gt;43&lt;/id&gt;
    &lt;name&gt;Reid&lt;/name&gt;
    &lt;gender&gt;Male&lt;/gender&gt;
    &lt;phone&gt;8833893900&lt;/phone&gt;
  &lt;/item&gt;
  &lt;item&gt;
    &lt;id&gt;44&lt;/id&gt;
    &lt;name&gt;Panchito&lt;/name&gt;
    &lt;gender&gt;Male&lt;/gender&gt;
    &lt;phone&gt;7486765293&lt;/phone&gt;
  &lt;/item&gt;
  &lt;item&gt;
    &lt;id&gt;45&lt;/id&gt;
    &lt;name&gt;Mike&lt;/name&gt;
    &lt;gender&gt;Female&lt;/gender&gt;
    &lt;phone&gt;12345567890&lt;/phone&gt;
  &lt;/item&gt;
  &lt;item&gt;
    &lt;id&gt;46&lt;/id&gt;
    &lt;name&gt;Delora&lt;/name&gt;
    &lt;gender&gt;Female&lt;/gender&gt;
    &lt;phone&gt;4115324496&lt;/phone&gt;
  &lt;/item&gt;
  &lt;item&gt;
    &lt;id&gt;47&lt;/id&gt;
    &lt;name&gt;Domenic&lt;/name&gt;
    &lt;gender&gt;Male&lt;/gender&gt;
    &lt;phone&gt;3952704485&lt;/phone&gt;
  &lt;/item&gt;
  &lt;item&gt;
    &lt;id&gt;48&lt;/id&gt;
    &lt;name&gt;Wyatt&lt;/name&gt;
    &lt;gender&gt;Male&lt;/gender&gt;
    &lt;phone&gt;7682768714&lt;/phone&gt;
  &lt;/item&gt;
  &lt;item&gt;
    &lt;id&gt;49&lt;/id&gt;
    &lt;name&gt;Reinaldo&lt;/name&gt;
    &lt;gender&gt;Male&lt;/gender&gt;
    &lt;phone&gt;3623233145&lt;/phone&gt;
  &lt;/item&gt;
  &lt;item&gt;
    &lt;id&gt;50&lt;/id&gt;
    &lt;name&gt;CimBomBom&lt;/name&gt;
    &lt;gender&gt;Female&lt;/gender&gt;
    &lt;phone&gt;5558885555&lt;/phone&gt;
  &lt;/item&gt;
  &lt;item&gt;
    &lt;id&gt;51&lt;/id&gt;
    &lt;name&gt;Padriac&lt;/name&gt;
    &lt;gender&gt;Male&lt;/gender&gt;
    &lt;phone&gt;8444611168&lt;/phone&gt;
  &lt;/item&gt;
  &lt;item&gt;
    &lt;id&gt;52&lt;/id&gt;
    &lt;name&gt;Tome&lt;/name&gt;
    &lt;gender&gt;Male&lt;/gender&gt;
    &lt;phone&gt;5654109704&lt;/phone&gt;
  &lt;/item&gt;
  &lt;item&gt;
    &lt;id&gt;53&lt;/id&gt;
    &lt;name&gt;Berna&lt;/name&gt;
    &lt;gender&gt;Female&lt;/gender&gt;
    &lt;phone&gt;2072918455&lt;/phone&gt;
  &lt;/item&gt;
  &lt;item&gt;
    &lt;id&gt;54&lt;/id&gt;
    &lt;name&gt;Bevon&lt;/name&gt;
    &lt;gender&gt;Male&lt;/gender&gt;
    &lt;phone&gt;9831834168&lt;/phone&gt;
  &lt;/item&gt;
  &lt;item&gt;
    &lt;id&gt;55&lt;/id&gt;
    &lt;name&gt;Karmen&lt;/name&gt;
    &lt;gender&gt;Female&lt;/gender&gt;
    &lt;phone&gt;5052029186&lt;/phone&gt;
  &lt;/item&gt;
  &lt;item&gt;
    &lt;id&gt;56&lt;/id&gt;
    &lt;name&gt;Ewan&lt;/name&gt;
    &lt;gender&gt;Male&lt;/gender&gt;
    &lt;phone&gt;5733729948&lt;/phone&gt;
  &lt;/item&gt;
  &lt;item&gt;
    &lt;id&gt;57&lt;/id&gt;
    &lt;name&gt;Freida&lt;/name&gt;
    &lt;gender&gt;Female&lt;/gender&gt;
    &lt;phone&gt;5712679899&lt;/phone&gt;
  &lt;/item&gt;
  &lt;item&gt;
    &lt;id&gt;58&lt;/id&gt;
    &lt;name&gt;Alfy&lt;/name&gt;
    &lt;gender&gt;Female&lt;/gender&gt;
    &lt;phone&gt;6529078662&lt;/phone&gt;
  &lt;/item&gt;
  &lt;item&gt;
    &lt;id&gt;59&lt;/id&gt;
    &lt;name&gt;Mickey&lt;/name&gt;
    &lt;gender&gt;Male&lt;/gender&gt;
    &lt;phone&gt;8775768925&lt;/phone&gt;
  &lt;/item&gt;
  &lt;item&gt;
    &lt;id&gt;60&lt;/id&gt;
    &lt;name&gt;Elisabeth&lt;/name&gt;
    &lt;gender&gt;Female&lt;/gender&gt;
    &lt;phone&gt;8165224005&lt;/phone&gt;
  &lt;/item&gt;
  &lt;item&gt;
    &lt;id&gt;61&lt;/id&gt;
    &lt;name&gt;Earlie&lt;/name&gt;
    &lt;gender&gt;Male&lt;/gender&gt;
    &lt;phone&gt;5709633007&lt;/phone&gt;
  &lt;/item&gt;
  &lt;item&gt;
    &lt;id&gt;62&lt;/id&gt;
    &lt;name&gt;Robinia&lt;/name&gt;
    &lt;gender&gt;Female&lt;/gender&gt;
    &lt;phone&gt;3542611707&lt;/phone&gt;
  &lt;/item&gt;
  &lt;item&gt;
    &lt;id&gt;63&lt;/id&gt;
    &lt;name&gt;Clayton&lt;/name&gt;
    &lt;gender&gt;Male&lt;/gender&gt;
    &lt;phone&gt;1782167106&lt;/phone&gt;
  &lt;/item&gt;
  &lt;item&gt;
    &lt;id&gt;64&lt;/id&gt;
    &lt;name&gt;Putnam&lt;/name&gt;
    &lt;gender&gt;Male&lt;/gender&gt;
    &lt;phone&gt;6744135688&lt;/phone&gt;
  &lt;/item&gt;
  &lt;item&gt;
    &lt;id&gt;65&lt;/id&gt;
    &lt;name&gt;Sean&lt;/name&gt;
    &lt;gender&gt;Male&lt;/gender&gt;
    &lt;phone&gt;8566508311&lt;/phone&gt;
  &lt;/item&gt;
  &lt;item&gt;
    &lt;id&gt;66&lt;/id&gt;
    &lt;name&gt;Quentin&lt;/name&gt;
    &lt;gender&gt;Male&lt;/gender&gt;
    &lt;phone&gt;3159018391&lt;/phone&gt;
  &lt;/item&gt;
  &lt;item&gt;
    &lt;id&gt;67&lt;/id&gt;
    &lt;name&gt;Janette&lt;/name&gt;
    &lt;gender&gt;Female&lt;/gender&gt;
    &lt;phone&gt;9887020445&lt;/phone&gt;
  &lt;/item&gt;
  &lt;item&gt;
    &lt;id&gt;68&lt;/id&gt;
    &lt;name&gt;Adda&lt;/name&gt;
    &lt;gender&gt;Female&lt;/gender&gt;
    &lt;phone&gt;5361981152&lt;/phone&gt;
  &lt;/item&gt;
  &lt;item&gt;
    &lt;id&gt;69&lt;/id&gt;
    &lt;name&gt;Elinor&lt;/name&gt;
    &lt;gender&gt;Female&lt;/gender&gt;
    &lt;phone&gt;3161765672&lt;/phone&gt;
  &lt;/item&gt;
  &lt;item&gt;
    &lt;id&gt;70&lt;/id&gt;
    &lt;name&gt;Abbey&lt;/name&gt;
    &lt;gender&gt;Male&lt;/gender&gt;
    &lt;phone&gt;1259516767&lt;/phone&gt;
  &lt;/item&gt;
  &lt;item&gt;
    &lt;id&gt;71&lt;/id&gt;
    &lt;name&gt;Collen&lt;/name&gt;
    &lt;gender&gt;Female&lt;/gender&gt;
    &lt;phone&gt;9614634242&lt;/phone&gt;
  &lt;/item&gt;
  &lt;item&gt;
    &lt;id&gt;72&lt;/id&gt;
    &lt;name&gt;Orion&lt;/name&gt;
    &lt;gender&gt;Male&lt;/gender&gt;
    &lt;phone&gt;7485352272&lt;/phone&gt;
  &lt;/item&gt;
  &lt;item&gt;
    &lt;id&gt;73&lt;/id&gt;
    &lt;name&gt;Amalita&lt;/name&gt;
    &lt;gender&gt;Female&lt;/gender&gt;
    &lt;phone&gt;2663607211&lt;/phone&gt;
  &lt;/item&gt;
  &lt;item&gt;
    &lt;id&gt;74&lt;/id&gt;
    &lt;name&gt;Chen&lt;/name&gt;
    &lt;gender&gt;Male&lt;/gender&gt;
    &lt;phone&gt;9537864587&lt;/phone&gt;
  &lt;/item&gt;
  &lt;item&gt;
    &lt;id&gt;75&lt;/id&gt;
    &lt;name&gt;Leland&lt;/name&gt;
    &lt;gender&gt;Female&lt;/gender&gt;
    &lt;phone&gt;9672110769&lt;/phone&gt;
  &lt;/item&gt;
  &lt;item&gt;
    &lt;id&gt;76&lt;/id&gt;
    &lt;name&gt;Arnie&lt;/name&gt;
    &lt;gender&gt;Male&lt;/gender&gt;
    &lt;phone&gt;4541117370&lt;/phone&gt;
  &lt;/item&gt;
  &lt;item&gt;
    &lt;id&gt;77&lt;/id&gt;
    &lt;name&gt;Stevana&lt;/name&gt;
    &lt;gender&gt;Female&lt;/gender&gt;
    &lt;phone&gt;1459126818&lt;/phone&gt;
  &lt;/item&gt;
  &lt;item&gt;
    &lt;id&gt;78&lt;/id&gt;
    &lt;name&gt;Cob&lt;/name&gt;
    &lt;gender&gt;Male&lt;/gender&gt;
    &lt;phone&gt;1853354209&lt;/phone&gt;
  &lt;/item&gt;
  &lt;item&gt;
    &lt;id&gt;79&lt;/id&gt;
    &lt;name&gt;Philis&lt;/name&gt;
    &lt;gender&gt;Female&lt;/gender&gt;
    &lt;phone&gt;2277085963&lt;/phone&gt;
  &lt;/item&gt;
  &lt;item&gt;
    &lt;id&gt;80&lt;/id&gt;
    &lt;name&gt;Jocelin&lt;/name&gt;
    &lt;gender&gt;Female&lt;/gender&gt;
    &lt;phone&gt;4299058649&lt;/phone&gt;
  &lt;/item&gt;
  &lt;item&gt;
    &lt;id&gt;81&lt;/id&gt;
    &lt;name&gt;Georgianne&lt;/name&gt;
    &lt;gender&gt;Female&lt;/gender&gt;
    &lt;phone&gt;9594130239&lt;/phone&gt;
  &lt;/item&gt;
  &lt;item&gt;
    &lt;id&gt;82&lt;/id&gt;
    &lt;name&gt;Catie&lt;/name&gt;
    &lt;gender&gt;Female&lt;/gender&gt;
    &lt;phone&gt;4758237746&lt;/phone&gt;
  &lt;/item&gt;
  &lt;item&gt;
    &lt;id&gt;83&lt;/id&gt;
    &lt;name&gt;Franky&lt;/name&gt;
    &lt;gender&gt;Male&lt;/gender&gt;
    &lt;phone&gt;7647130621&lt;/phone&gt;
  &lt;/item&gt;
  &lt;item&gt;
    &lt;id&gt;84&lt;/id&gt;
    &lt;name&gt;Saw&lt;/name&gt;
    &lt;gender&gt;Male&lt;/gender&gt;
    &lt;phone&gt;2673833440&lt;/phone&gt;
  &lt;/item&gt;
  &lt;item&gt;
    &lt;id&gt;85&lt;/id&gt;
    &lt;name&gt;Ingamar&lt;/name&gt;
    &lt;gender&gt;Male&lt;/gender&gt;
    &lt;phone&gt;6835038785&lt;/phone&gt;
  &lt;/item&gt;
  &lt;item&gt;
    &lt;id&gt;86&lt;/id&gt;
    &lt;name&gt;Brook&lt;/name&gt;
    &lt;gender&gt;Female&lt;/gender&gt;
    &lt;phone&gt;2655095364&lt;/phone&gt;
  &lt;/item&gt;
  &lt;item&gt;
    &lt;id&gt;87&lt;/id&gt;
    &lt;name&gt;Fenelia&lt;/name&gt;
    &lt;gender&gt;Female&lt;/gender&gt;
    &lt;phone&gt;6475942543&lt;/phone&gt;
  &lt;/item&gt;
  &lt;item&gt;
    &lt;id&gt;88&lt;/id&gt;
    &lt;name&gt;Julie&lt;/name&gt;
    &lt;gender&gt;Male&lt;/gender&gt;
    &lt;phone&gt;1279288759&lt;/phone&gt;
  &lt;/item&gt;
  &lt;item&gt;
    &lt;id&gt;89&lt;/id&gt;
    &lt;name&gt;Adan&lt;/name&gt;
    &lt;gender&gt;Male&lt;/gender&gt;
    &lt;phone&gt;8055782975&lt;/phone&gt;
  &lt;/item&gt;
  &lt;item&gt;
    &lt;id&gt;90&lt;/id&gt;
    &lt;name&gt;Rhianon&lt;/name&gt;
    &lt;gender&gt;Female&lt;/gender&gt;
    &lt;phone&gt;5225172555&lt;/phone&gt;
  &lt;/item&gt;
  &lt;item&gt;
    &lt;id&gt;91&lt;/id&gt;
    &lt;name&gt;Jaquenetta&lt;/name&gt;
    &lt;gender&gt;Female&lt;/gender&gt;
    &lt;phone&gt;7338210388&lt;/phone&gt;
  &lt;/item&gt;
  &lt;item&gt;
    &lt;id&gt;92&lt;/id&gt;
    &lt;name&gt;Caitlin&lt;/name&gt;
    &lt;gender&gt;Female&lt;/gender&gt;
    &lt;phone&gt;6911121800&lt;/phone&gt;
  &lt;/item&gt;
  &lt;item&gt;
    &lt;id&gt;93&lt;/id&gt;
    &lt;name&gt;Chanda&lt;/name&gt;
    &lt;gender&gt;Female&lt;/gender&gt;
    &lt;phone&gt;9289012086&lt;/phone&gt;
  &lt;/item&gt;
  &lt;item&gt;
    &lt;id&gt;94&lt;/id&gt;
    &lt;name&gt;Marylee&lt;/name&gt;
    &lt;gender&gt;Female&lt;/gender&gt;
    &lt;phone&gt;6385380284&lt;/phone&gt;
  &lt;/item&gt;
  &lt;item&gt;
    &lt;id&gt;95&lt;/id&gt;
    &lt;name&gt;Lilias&lt;/name&gt;
    &lt;gender&gt;Female&lt;/gender&gt;
    &lt;phone&gt;5986446659&lt;/phone&gt;
  &lt;/item&gt;
  &lt;item&gt;
    &lt;id&gt;96&lt;/id&gt;
    &lt;name&gt;Abie&lt;/name&gt;
    &lt;gender&gt;Male&lt;/gender&gt;
    &lt;phone&gt;1788387111&lt;/phone&gt;
  &lt;/item&gt;
  &lt;item&gt;
    &lt;id&gt;97&lt;/id&gt;
    &lt;name&gt;Saleem&lt;/name&gt;
    &lt;gender&gt;Male&lt;/gender&gt;
    &lt;phone&gt;6586151920&lt;/phone&gt;
  &lt;/item&gt;
  &lt;item&gt;
    &lt;id&gt;98&lt;/id&gt;
    &lt;name&gt;Elita&lt;/name&gt;
    &lt;gender&gt;Female&lt;/gender&gt;
    &lt;phone&gt;1042902741&lt;/phone&gt;
  &lt;/item&gt;
  &lt;item&gt;
    &lt;id&gt;99&lt;/id&gt;
    &lt;name&gt;Ultraslan&lt;/name&gt;
    &lt;gender&gt;Male&lt;/gender&gt;
    &lt;phone&gt;1453625881&lt;/phone&gt;
  &lt;/item&gt;
  &lt;item&gt;
    &lt;id&gt;100&lt;/id&gt;
    &lt;name&gt;Osman&lt;/name&gt;
    &lt;gender&gt;Male&lt;/gender&gt;
    &lt;phone&gt;5554443332&lt;/phone&gt;
  &lt;/item&gt;
  &lt;item&gt;
    &lt;id&gt;102&lt;/id&gt;
    &lt;name&gt;Denny&lt;/name&gt;
    &lt;gender&gt;Female&lt;/gender&gt;
    &lt;phone&gt;5525082167&lt;/phone&gt;
  &lt;/item&gt;
  &lt;item&gt;
    &lt;id&gt;103&lt;/id&gt;
    &lt;name&gt;Rob&lt;/name&gt;
    &lt;gender&gt;Male&lt;/gender&gt;
    &lt;phone&gt;9998887776&lt;/phone&gt;
  &lt;/item&gt;
  &lt;item&gt;
    &lt;id&gt;104&lt;/id&gt;
    &lt;name&gt;Flldde&lt;/name&gt;
    &lt;gender&gt;Male&lt;/gender&gt;
    &lt;phone&gt;6105035233&lt;/phone&gt;
  &lt;/item&gt;
  &lt;item&gt;
    &lt;id&gt;105&lt;/id&gt;
    &lt;name&gt;Robert&lt;/name&gt;
    &lt;gender&gt;Male&lt;/gender&gt;
    &lt;phone&gt;9998887776&lt;/phone&gt;
  &lt;/item&gt;
  &lt;item&gt;
    &lt;id&gt;106&lt;/id&gt;
    &lt;name&gt;B20 User&lt;/name&gt;
    &lt;gender&gt;Male&lt;/gender&gt;
    &lt;phone&gt;1234567890&lt;/phone&gt;
  &lt;/item&gt;
  &lt;item&gt;
    &lt;id&gt;107&lt;/id&gt;
    &lt;name&gt;B20 User&lt;/name&gt;
    &lt;gender&gt;Male&lt;/gender&gt;
    &lt;phone&gt;1234567890&lt;/phone&gt;
  &lt;/item&gt;
  &lt;item&gt;
    &lt;id&gt;108&lt;/id&gt;
    &lt;name&gt;B20 User&lt;/name&gt;
    &lt;gender&gt;Male&lt;/gender&gt;
    &lt;phone&gt;1234567890&lt;/phone&gt;
  &lt;/item&gt;
  &lt;item&gt;
    &lt;id&gt;109&lt;/id&gt;
    &lt;name&gt;B20 User&lt;/name&gt;
    &lt;gender&gt;Male&lt;/gender&gt;
    &lt;phone&gt;1234567890&lt;/phone&gt;
  &lt;/item&gt;
  &lt;item&gt;
    &lt;id&gt;110&lt;/id&gt;
    &lt;name&gt;Jodie&lt;/name&gt;
    &lt;gender&gt;Male&lt;/gender&gt;
    &lt;phone&gt;7740580870&lt;/phone&gt;
  &lt;/item&gt;
  &lt;item&gt;
    &lt;id&gt;111&lt;/id&gt;
    &lt;name&gt;Tamekia&lt;/name&gt;
    &lt;gender&gt;Female&lt;/gender&gt;
    &lt;phone&gt;8714355459&lt;/phone&gt;
  &lt;/item&gt;
  &lt;item&gt;
    &lt;id&gt;112&lt;/id&gt;
    &lt;name&gt;B20 User&lt;/name&gt;
    &lt;gender&gt;Male&lt;/gender&gt;
    &lt;phone&gt;1234567890&lt;/phone&gt;
  &lt;/item&gt;
  &lt;item&gt;
    &lt;id&gt;113&lt;/id&gt;
    &lt;name&gt;Yael&lt;/name&gt;
    &lt;gender&gt;Female&lt;/gender&gt;
    &lt;phone&gt;8630667676&lt;/phone&gt;
  &lt;/item&gt;
  &lt;item&gt;
    &lt;id&gt;114&lt;/id&gt;
    &lt;name&gt;Danae&lt;/name&gt;
    &lt;gender&gt;Female&lt;/gender&gt;
    &lt;phone&gt;8139122817&lt;/phone&gt;
  &lt;/item&gt;
  &lt;item&gt;
    &lt;id&gt;117&lt;/id&gt;
    &lt;name&gt;Foster&lt;/name&gt;
    &lt;gender&gt;Female&lt;/gender&gt;
    &lt;phone&gt;5969094832&lt;/phone&gt;
  &lt;/item&gt;
  &lt;item&gt;
    &lt;id&gt;158&lt;/id&gt;
    &lt;name&gt;Stanley&lt;/name&gt;
    &lt;gender&gt;Male&lt;/gender&gt;
    &lt;phone&gt;8879778555&lt;/phone&gt;
  &lt;/item&gt;
  &lt;item&gt;
    &lt;id&gt;159&lt;/id&gt;
    &lt;name&gt;Ian&lt;/name&gt;
    &lt;gender&gt;Male&lt;/gender&gt;
    &lt;phone&gt;7808804688&lt;/phone&gt;
  &lt;/item&gt;
  &lt;item&gt;
    &lt;id&gt;101&lt;/id&gt;
    &lt;name&gt;Quentin Littel&lt;/name&gt;
    &lt;gender&gt;Male&lt;/gender&gt;
    &lt;phone&gt;7171657939&lt;/phone&gt;
  &lt;/item&gt;
  &lt;item&gt;
    &lt;id&gt;118&lt;/id&gt;
    &lt;name&gt;Lucile&lt;/name&gt;
    &lt;gender&gt;Female&lt;/gender&gt;
    &lt;phone&gt;6063465042&lt;/phone&gt;
  &lt;/item&gt;
  &lt;item&gt;
    &lt;id&gt;119&lt;/id&gt;
    &lt;name&gt;Shirley&lt;/name&gt;
    &lt;gender&gt;Female&lt;/gender&gt;
    &lt;phone&gt;8605729206&lt;/phone&gt;
  &lt;/item&gt;
  &lt;item&gt;
    &lt;id&gt;120&lt;/id&gt;
    &lt;name&gt;Cecil&lt;/name&gt;
    &lt;gender&gt;Male&lt;/gender&gt;
    &lt;phone&gt;9373862250&lt;/phone&gt;
  &lt;/item&gt;
  &lt;item&gt;
    &lt;id&gt;121&lt;/id&gt;
    &lt;name&gt;Eusebia&lt;/name&gt;
    &lt;gender&gt;Female&lt;/gender&gt;
    &lt;phone&gt;6050238410&lt;/phone&gt;
  &lt;/item&gt;
  &lt;item&gt;
    &lt;id&gt;122&lt;/id&gt;
    &lt;name&gt;Kevin&lt;/name&gt;
    &lt;gender&gt;Female&lt;/gender&gt;
    &lt;phone&gt;7343115751&lt;/phone&gt;
  &lt;/item&gt;
  &lt;item&gt;
    &lt;id&gt;123&lt;/id&gt;
    &lt;name&gt;Vashti&lt;/name&gt;
    &lt;gender&gt;Male&lt;/gender&gt;
    &lt;phone&gt;5094454776&lt;/phone&gt;
  &lt;/item&gt;
  &lt;item&gt;
    &lt;id&gt;124&lt;/id&gt;
    &lt;name&gt;Carrol&lt;/name&gt;
    &lt;gender&gt;Male&lt;/gender&gt;
    &lt;phone&gt;8270848939&lt;/phone&gt;
  &lt;/item&gt;
  &lt;item&gt;
    &lt;id&gt;125&lt;/id&gt;
    &lt;name&gt;Yun&lt;/name&gt;
    &lt;gender&gt;Male&lt;/gender&gt;
    &lt;phone&gt;8726875384&lt;/phone&gt;
  &lt;/item&gt;
  &lt;item&gt;
    &lt;id&gt;126&lt;/id&gt;
    &lt;name&gt;Glady&lt;/name&gt;
    &lt;gender&gt;Male&lt;/gender&gt;
    &lt;phone&gt;6237975780&lt;/phone&gt;
  &lt;/item&gt;
  &lt;item&gt;
    &lt;id&gt;127&lt;/id&gt;
    &lt;name&gt;Marquis&lt;/name&gt;
    &lt;gender&gt;Male&lt;/gender&gt;
    &lt;phone&gt;8559335794&lt;/phone&gt;
  &lt;/item&gt;
  &lt;item&gt;
    &lt;id&gt;128&lt;/id&gt;
    &lt;name&gt;Emmett&lt;/name&gt;
    &lt;gender&gt;Male&lt;/gender&gt;
    &lt;phone&gt;5361421842&lt;/phone&gt;
  &lt;/item&gt;
  &lt;item&gt;
    &lt;id&gt;129&lt;/id&gt;
    &lt;name&gt;Belia&lt;/name&gt;
    &lt;gender&gt;Male&lt;/gender&gt;
    &lt;phone&gt;5976185007&lt;/phone&gt;
  &lt;/item&gt;
  &lt;item&gt;
    &lt;id&gt;134&lt;/id&gt;
    &lt;name&gt;Olivia&lt;/name&gt;
    &lt;gender&gt;Female&lt;/gender&gt;
    &lt;phone&gt;6549873210&lt;/phone&gt;
  &lt;/item&gt;
  &lt;item&gt;
    &lt;id&gt;131&lt;/id&gt;
    &lt;name&gt;Robbin&lt;/name&gt;
    &lt;gender&gt;Female&lt;/gender&gt;
    &lt;phone&gt;9853939473&lt;/phone&gt;
  &lt;/item&gt;
  &lt;item&gt;
    &lt;id&gt;132&lt;/id&gt;
    &lt;name&gt;Junior&lt;/name&gt;
    &lt;gender&gt;Male&lt;/gender&gt;
    &lt;phone&gt;6060794684&lt;/phone&gt;
  &lt;/item&gt;
  &lt;item&gt;
    &lt;id&gt;133&lt;/id&gt;
    &lt;name&gt;Cori&lt;/name&gt;
    &lt;gender&gt;Female&lt;/gender&gt;
    &lt;phone&gt;8302510489&lt;/phone&gt;
  &lt;/item&gt;
  &lt;item&gt;
    &lt;id&gt;135&lt;/id&gt;
    &lt;name&gt;Olivia&lt;/name&gt;
    &lt;gender&gt;Female&lt;/gender&gt;
    &lt;phone&gt;6549873210&lt;/phone&gt;
  &lt;/item&gt;
  &lt;item&gt;
    &lt;id&gt;136&lt;/id&gt;
    &lt;name&gt;Olivia&lt;/name&gt;
    &lt;gender&gt;Female&lt;/gender&gt;
    &lt;phone&gt;6549873210&lt;/phone&gt;
  &lt;/item&gt;
  &lt;item&gt;
    &lt;id&gt;137&lt;/id&gt;
    &lt;name&gt;Olivia&lt;/name&gt;
    &lt;gender&gt;Female&lt;/gender&gt;
    &lt;phone&gt;6549873210&lt;/phone&gt;
  &lt;/item&gt;
  &lt;item&gt;
    &lt;id&gt;138&lt;/id&gt;
    &lt;name&gt;Olivia&lt;/name&gt;
    &lt;gender&gt;Female&lt;/gender&gt;
    &lt;phone&gt;6549873210&lt;/phone&gt;
  &lt;/item&gt;
  &lt;item&gt;
    &lt;id&gt;139&lt;/id&gt;
    &lt;name&gt;Calvin&lt;/name&gt;
    &lt;gender&gt;Male&lt;/gender&gt;
    &lt;phone&gt;4001612230&lt;/phone&gt;
  &lt;/item&gt;
  &lt;item&gt;
    &lt;id&gt;140&lt;/id&gt;
    &lt;name&gt;Salome&lt;/name&gt;
    &lt;gender&gt;Male&lt;/gender&gt;
    &lt;phone&gt;3085500353&lt;/phone&gt;
  &lt;/item&gt;
  &lt;item&gt;
    &lt;id&gt;141&lt;/id&gt;
    &lt;name&gt;Natividad&lt;/name&gt;
    &lt;gender&gt;Female&lt;/gender&gt;
    &lt;phone&gt;2760265845&lt;/phone&gt;
  &lt;/item&gt;
  &lt;item&gt;
    &lt;id&gt;142&lt;/id&gt;
    &lt;name&gt;Domenic&lt;/name&gt;
    &lt;gender&gt;Male&lt;/gender&gt;
    &lt;phone&gt;3523763428&lt;/phone&gt;
  &lt;/item&gt;
  &lt;item&gt;
    &lt;id&gt;143&lt;/id&gt;
    &lt;name&gt;Edra&lt;/name&gt;
    &lt;gender&gt;Male&lt;/gender&gt;
    &lt;phone&gt;1812569648&lt;/phone&gt;
  &lt;/item&gt;
  &lt;item&gt;
    &lt;id&gt;144&lt;/id&gt;
    &lt;name&gt;B20&lt;/name&gt;
    &lt;gender&gt;Male&lt;/gender&gt;
    &lt;phone&gt;1234567890&lt;/phone&gt;
  &lt;/item&gt;
  &lt;item&gt;
    &lt;id&gt;145&lt;/id&gt;
    &lt;name&gt;Buster&lt;/name&gt;
    &lt;gender&gt;Male&lt;/gender&gt;
    &lt;phone&gt;8378249166&lt;/phone&gt;
  &lt;/item&gt;
  &lt;item&gt;
    &lt;id&gt;146&lt;/id&gt;
    &lt;name&gt;Rebecca&lt;/name&gt;
    &lt;gender&gt;Male&lt;/gender&gt;
    &lt;phone&gt;9812010663&lt;/phone&gt;
  &lt;/item&gt;
  &lt;item&gt;
    &lt;id&gt;147&lt;/id&gt;
    &lt;name&gt;Venice&lt;/name&gt;
    &lt;gender&gt;Female&lt;/gender&gt;
    &lt;phone&gt;7395709306&lt;/phone&gt;
  &lt;/item&gt;
  &lt;item&gt;
    &lt;id&gt;148&lt;/id&gt;
    &lt;name&gt;Andrea&lt;/name&gt;
    &lt;gender&gt;Female&lt;/gender&gt;
    &lt;phone&gt;7497466516&lt;/phone&gt;
  &lt;/item&gt;
  &lt;item&gt;
    &lt;id&gt;149&lt;/id&gt;
    &lt;name&gt;Shanti&lt;/name&gt;
    &lt;gender&gt;Female&lt;/gender&gt;
    &lt;phone&gt;6843392281&lt;/phone&gt;
  &lt;/item&gt;
  &lt;item&gt;
    &lt;id&gt;150&lt;/id&gt;
    &lt;name&gt;Rudy&lt;/name&gt;
    &lt;gender&gt;Male&lt;/gender&gt;
    &lt;phone&gt;9125312393&lt;/phone&gt;
  &lt;/item&gt;
  &lt;item&gt;
    &lt;id&gt;151&lt;/id&gt;
    &lt;name&gt;Ozzie&lt;/name&gt;
    &lt;gender&gt;Female&lt;/gender&gt;
    &lt;phone&gt;8696863191&lt;/phone&gt;
  &lt;/item&gt;
  &lt;item&gt;
    &lt;id&gt;152&lt;/id&gt;
    &lt;name&gt;Fonda&lt;/name&gt;
    &lt;gender&gt;Female&lt;/gender&gt;
    &lt;phone&gt;5335083749&lt;/phone&gt;
  &lt;/item&gt;
  &lt;item&gt;
    &lt;id&gt;153&lt;/id&gt;
    &lt;name&gt;Joi&lt;/name&gt;
    &lt;gender&gt;Female&lt;/gender&gt;
    &lt;phone&gt;6061893306&lt;/phone&gt;
  &lt;/item&gt;
  &lt;item&gt;
    &lt;id&gt;154&lt;/id&gt;
    &lt;name&gt;Jude&lt;/name&gt;
    &lt;gender&gt;Female&lt;/gender&gt;
    &lt;phone&gt;5833883821&lt;/phone&gt;
  &lt;/item&gt;
  &lt;item&gt;
    &lt;id&gt;155&lt;/id&gt;
    &lt;name&gt;Jone&lt;/name&gt;
    &lt;gender&gt;Female&lt;/gender&gt;
    &lt;phone&gt;9777732781&lt;/phone&gt;
  &lt;/item&gt;
  &lt;item&gt;
    &lt;id&gt;156&lt;/id&gt;
    &lt;name&gt;Nadia&lt;/name&gt;
    &lt;gender&gt;Male&lt;/gender&gt;
    &lt;phone&gt;6226201261&lt;/phone&gt;
  &lt;/item&gt;
  &lt;item&gt;
    &lt;id&gt;157&lt;/id&gt;
    &lt;name&gt;Harrison&lt;/name&gt;
    &lt;gender&gt;Female&lt;/gender&gt;
    &lt;phone&gt;5636096954&lt;/phone&gt;
  &lt;/item&gt;
  &lt;item&gt;
    &lt;id&gt;160&lt;/id&gt;
    &lt;name&gt;Macie&lt;/name&gt;
    &lt;gender&gt;Male&lt;/gender&gt;
    &lt;phone&gt;6982026795&lt;/phone&gt;
  &lt;/item&gt;
  &lt;item&gt;
    &lt;id&gt;161&lt;/id&gt;
    &lt;name&gt;Freddie&lt;/name&gt;
    &lt;gender&gt;Female&lt;/gender&gt;
    &lt;phone&gt;6513476218&lt;/phone&gt;
  &lt;/item&gt;
  &lt;item&gt;
    &lt;id&gt;162&lt;/id&gt;
    &lt;name&gt;Hailey&lt;/name&gt;
    &lt;gender&gt;Male&lt;/gender&gt;
    &lt;phone&gt;1231231234&lt;/phone&gt;
  &lt;/item&gt;
  &lt;item&gt;
    &lt;id&gt;163&lt;/id&gt;
    &lt;name&gt;Rodger&lt;/name&gt;
    &lt;gender&gt;Female&lt;/gender&gt;
    &lt;phone&gt;9792449190&lt;/phone&gt;
  &lt;/item&gt;
  &lt;item&gt;
    &lt;id&gt;164&lt;/id&gt;
    &lt;name&gt;Jamison&lt;/name&gt;
    &lt;gender&gt;Male&lt;/gender&gt;
    &lt;phone&gt;2737580556&lt;/phone&gt;
  &lt;/item&gt;
  &lt;item&gt;
    &lt;id&gt;166&lt;/id&gt;
    &lt;name&gt;Janette&lt;/name&gt;
    &lt;gender&gt;Male&lt;/gender&gt;
    &lt;phone&gt;8294465887&lt;/phone&gt;
  &lt;/item&gt;
  &lt;item&gt;
    &lt;id&gt;167&lt;/id&gt;
    &lt;name&gt;Elliot&lt;/name&gt;
    &lt;gender&gt;Male&lt;/gender&gt;
    &lt;phone&gt;1608705371&lt;/phone&gt;
  &lt;/item&gt;
  &lt;item&gt;
    &lt;id&gt;168&lt;/id&gt;
    &lt;name&gt;Keren&lt;/name&gt;
    &lt;gender&gt;Male&lt;/gender&gt;
    &lt;phone&gt;1233211234&lt;/phone&gt;
  &lt;/item&gt;
  &lt;item&gt;
    &lt;id&gt;169&lt;/id&gt;
    &lt;name&gt;Kerem&lt;/name&gt;
    &lt;gender&gt;Male&lt;/gender&gt;
    &lt;phone&gt;1233211234&lt;/phone&gt;
  &lt;/item&gt;
  &lt;item&gt;
    &lt;id&gt;170&lt;/id&gt;
    &lt;name&gt;Kerem&lt;/name&gt;
    &lt;gender&gt;Male&lt;/gender&gt;
    &lt;phone&gt;1233211234&lt;/phone&gt;
  &lt;/item&gt;
  &lt;item&gt;
    &lt;id&gt;171&lt;/id&gt;
    &lt;name&gt;Kerem&lt;/name&gt;
    &lt;gender&gt;Male&lt;/gender&gt;
    &lt;phone&gt;1233211234&lt;/phone&gt;
  &lt;/item&gt;
  &lt;item&gt;
    &lt;id&gt;172&lt;/id&gt;
    &lt;name&gt;Kandemir&lt;/name&gt;
    &lt;gender&gt;Male&lt;/gender&gt;
    &lt;phone&gt;1233211234&lt;/phone&gt;
  &lt;/item&gt;
  &lt;item&gt;
    &lt;id&gt;173&lt;/id&gt;
    &lt;name&gt;Kandemir&lt;/name&gt;
    &lt;gender&gt;Male&lt;/gender&gt;
    &lt;phone&gt;1233211234&lt;/phone&gt;
  &lt;/item&gt;
  &lt;item&gt;
    &lt;id&gt;130&lt;/id&gt;
    &lt;name&gt;Faustino&lt;/name&gt;
    &lt;gender&gt;Male&lt;/gender&gt;
    &lt;phone&gt;8666798057&lt;/phone&gt;
  &lt;/item&gt;
&lt;/List&gt;
</system-out>
  </testcase>
</testsuite>