<?xml version="1.0" encoding="UTF-8" ?>
<testsuite tests="2" failures="1" name="day11.Test_XML_ElementAttributes" time="1.802" errors="0" skipped="0">
  <properties>
[...]
</properties>
  <testcase classname="day11.Test_XML_ElementAttributes" name="day11.Test_XML_ElementAttributes.testMovieAttributes" time="0.489">
    <failure message="1 expectation failed.
Expected status code &lt;200&gt; but was &lt;404&gt;.
" type="java.lang.AssertionError">java.lang.AssertionError: 1 expectation failed.
Expected status code &lt;200&gt; but was &lt;404&gt;.
	at sun.reflect.NativeConstructorAccessorImpl.newInstance0(Native Method)
	at sun.reflect.NativeConstructorAccessorImpl.newInstance(NativeConstructorAccessorImpl.java:62)
	at sun.reflect.DelegatingConstructorAccessorImpl.newInstance(DelegatingConstructorAccessorImpl.java:45)
	at java.lang.reflect.Constructor.newInstance(Constructor.java:423)
	at org.codehaus.groovy.reflection.CachedConstructor.invoke(CachedConstructor.java:72)
	at org.codehaus.groovy.reflection.CachedConstructor.doConstructorInvoke(CachedConstructor.java:59)
	at org.codehaus.groovy.runtime.callsite.ConstructorSite$ConstructorSiteNoUnwrap.callConstructor(ConstructorSite.java:84)
	at org.codehaus.groovy.runtime.callsite.AbstractCallSite.callConstructor(AbstractCallSite.java:277)
	at io.restassured.internal.ResponseSpecificationImpl$HamcrestAssertionClosure.validate(ResponseSpecificationImpl.groovy:493)
	at io.restassured.internal.ResponseSpecificationImpl$HamcrestAssertionClosure$validate$1.call(Unknown Source)
	at io.restassured.internal.ResponseSpecificationImpl.validateResponseIfRequired(ResponseSpecificationImpl.groovy:674)
	at sun.reflect.GeneratedMethodAccessor123.invoke(Unknown Source)
	at sun.reflect.DelegatingMethodAccessorImpl.invoke(DelegatingMethodAccessorImpl.java:43)
	at java.lang.reflect.Method.invoke(Method.java:498)
	at org.codehaus.groovy.runtime.callsite.PlainObjectMetaMethodSite.doInvoke(PlainObjectMetaMethodSite.java:43)
	at org.codehaus.groovy.runtime.callsite.PogoMetaMethodSite$PogoCachedMethodSiteNoUnwrapNoCoerce.invoke(PogoMetaMethodSite.java:193)
	at org.codehaus.groovy.runtime.callsite.PogoMetaMethodSite.callCurrent(PogoMetaMethodSite.java:61)
	at org.codehaus.groovy.runtime.callsite.AbstractCallSite.callCurrent(AbstractCallSite.java:185)
	at io.restassured.internal.ResponseSpecificationImpl.statusCode(ResponseSpecificationImpl.groovy:126)
	at io.restassured.specification.ResponseSpecification$statusCode$1.callCurrent(Unknown Source)
	at io.restassured.internal.ResponseSpecificationImpl.statusCode(ResponseSpecificationImpl.groovy:134)
	at io.restassured.internal.ValidatableResponseOptionsImpl.statusCode(ValidatableResponseOptionsImpl.java:89)
	at io.restassured.internal.ValidatableResponseImpl.super$2$statusCode(ValidatableResponseImpl.groovy)
	at sun.reflect.NativeMethodAccessorImpl.invoke0(Native Method)
	at sun.reflect.NativeMethodAccessorImpl.invoke(NativeMethodAccessorImpl.java:62)
	at sun.reflect.DelegatingMethodAccessorImpl.invoke(DelegatingMethodAccessorImpl.java:43)
	at java.lang.reflect.Method.invoke(Method.java:498)
	at org.codehaus.groovy.reflection.CachedMethod.invoke(CachedMethod.java:107)
	at groovy.lang.MetaMethod.doMethodInvoke(MetaMethod.java:323)
	at groovy.lang.MetaClassImpl.invokeMethod(MetaClassImpl.java:1267)
	at org.codehaus.groovy.runtime.ScriptBytecodeAdapter.invokeMethodOnSuperN(ScriptBytecodeAdapter.java:144)
	at io.restassured.internal.ValidatableResponseImpl.statusCode(ValidatableResponseImpl.groovy:142)
	at io.restassured.internal.ValidatableResponseImpl.statusCode(ValidatableResponseImpl.groovy)
	at day11.Test_XML_ElementAttributes.testMovieAttributes(Test_XML_ElementAttributes.java:29)
</failure>
    <system-out>HTTP/1.1 404 Not Found
Date: Thu, 24 Dec 2020 01:18:42 GMT
Content-Type: text/html
Transfer-Encoding: chunked
Connection: keep-alive
Set-Cookie: __cfduid=d909728a4af99368f56a7e7033b8714211608772722; expires=Sat, 23-Jan-21 01:18:42 GMT; path=/; domain=.omdbapi.com; HttpOnly; SameSite=Lax
X-Powered-By: ASP.NET
Access-Control-Allow-Origin: *
Cache-Control: max-age=86400
CF-Cache-Status: HIT
Age: 2879
cf-request-id: 0733ecb8d100002ff631a68000000001
Vary: Accept-Encoding
Server: cloudflare
CF-RAY: 60667d6e1e4b2ff6-ORD
Content-Encoding: gzip

&lt;html&gt;
  &lt;head&gt;
    &lt;meta http-equiv=&quot;Content-Type&quot; content=&quot;text/html; charset=iso-8859-1&quot;/&gt;
    &lt;title&gt;404 - File or directory not found.&lt;/title&gt;
    &lt;style type=&quot;text/css&quot;&gt;
&amp;lt;!--
body{margin:0;font-size:.7em;font-family:Verdana, Arial, Helvetica, sans-serif;background:#EEEEEE;}
fieldset{padding:0 15px 10px 15px;} 
h1{font-size:2.4em;margin:0;color:#FFF;}
h2{font-size:1.7em;margin:0;color:#CC0000;} 
h3{font-size:1.2em;margin:10px 0 0 0;color:#000000;} 
#header{width:96%;margin:0 0 0 0;padding:6px 2% 6px 2%;font-family:&quot;trebuchet MS&quot;, Verdana, sans-serif;color:#FFF;
background-color:#555555;}
#content{margin:0 0 0 2%;position:relative;}
.content-container{background:#FFF;width:96%;margin-top:8px;padding:10px;position:relative;}
--&amp;gt;
&lt;/style&gt;
  &lt;/head&gt;
  &lt;body&gt;
    &lt;div id=&quot;header&quot;&gt;
      &lt;h1&gt;Server Error&lt;/h1&gt;
    &lt;/div&gt;
    &lt;div id=&quot;content&quot;&gt;
      &lt;div class=&quot;content-container&quot;&gt;
        &lt;fieldset&gt;
          &lt;h2&gt;404 - File or directory not found.&lt;/h2&gt;
          &lt;h3&gt;The resource you are looking for might have been removed, had its name changed, or is temporarily unavailable.&lt;/h3&gt;
        &lt;/fieldset&gt;
      &lt;/div&gt;
    &lt;/div&gt;
  &lt;/body&gt;
&lt;/html&gt;
</system-out>
  </testcase>
  <testcase classname="day11.Test_XML_ElementAttributes" name="day11.Test_XML_ElementAttributes.testDrivers" time="1.313"/>
</testsuite>